<secret ephemeral='no' private='yes'>
   <description>test</description>
   <uuid>19fdc2f2-fa64-46f3-bacf-42a8aafca6dd</uuid>
   <usage type='volume'>
      <volume>/tmp</volume>
   </usage>
</secret>
